# JRE version: OpenJDK Runtime Environment (21.0.5) (build 21.0.5+-13047016-b750.29)
# Java VM: OpenJDK 64-Bit Server VM (21.0.5+-13047016-b750.29, mixed mode, tiered, compressed oops, compressed class ptrs, g1 gc, windows-amd64)
GC Precious Log:
 CardTable entry size: 512
 Card Set container configuration: InlinePtr #cards 5 size 8 Array Of Cards #cards 12 size 40 Howl #buckets 4 coarsen threshold 1843 Howl Bitmap #cards 512 size 80 coarsen threshold 460 Card regions per heap region 1 cards per card region 2048
 CPUs: 32 total, 32 available
 Memory: 32508M
 Large Page Support: Disabled
 NUMA Support: Disabled
 Compressed Oops: Enabled (32-bit)
 Heap Region Size: 1M
 Heap Min Capacity: 8M
 Heap Initial Capacity: 508M
 Heap Max Capacity: 2G
 Pre-touch: Disabled
 Parallel Workers: 23
 Concurrent Workers: 6
 Concurrent Refinement Workers: 23
 Periodic GC: Disabled
Heap:
 garbage-first heap   total 193536K, used 145772K [0x0000000080000000, 0x0000000100000000)
  region size 1024K, 58 young (59392K), 9 survivors (9216K)
 Metaspace       used 104983K, committed 107072K, reserved 1179648K
  class space    used 14423K, committed 15424K, reserved 1048576K
GC Heap History (20 events):
Event: 11.521 GC heap before
{Heap before GC invocations=12 (full 0):
 garbage-first heap   total 302080K, used 101595K [0x0000000080000000, 0x0000000100000000)
  region size 1024K, 68 young (69632K), 3 survivors (3072K)
 Metaspace       used 58610K, committed 60096K, reserved 1114112K
  class space    used 7892K, committed 8640K, reserved 1048576K
}
Event: 11.523 GC heap after
{Heap after GC invocations=13 (full 0):
 garbage-first heap   total 302080K, used 37383K [0x0000000080000000, 0x0000000100000000)
  region size 1024K, 6 young (6144K), 6 survivors (6144K)
 Metaspace       used 58610K, committed 60096K, reserved 1114112K
  class space    used 7892K, committed 8640K, reserved 1048576K
}
Event: 12.251 GC heap before
{Heap before GC invocations=14 (full 0):
 garbage-first heap   total 130048K, used 128519K [0x0000000080000000, 0x0000000100000000)
  region size 1024K, 95 young (97280K), 6 survivors (6144K)
 Metaspace       used 66425K, committed 68032K, reserved 1114112K
  class space    used 9036K, committed 9856K, reserved 1048576K
}
Event: 12.254 GC heap after
{Heap after GC invocations=15 (full 0):
 garbage-first heap   total 143360K, used 45220K [0x0000000080000000, 0x0000000100000000)
  region size 1024K, 13 young (13312K), 13 survivors (13312K)
 Metaspace       used 66425K, committed 68032K, reserved 1114112K
  class space    used 9036K, committed 9856K, reserved 1048576K
}
Event: 12.390 GC heap before
{Heap before GC invocations=15 (full 0):
 garbage-first heap   total 143360K, used 116900K [0x0000000080000000, 0x0000000100000000)
  region size 1024K, 84 young (86016K), 13 survivors (13312K)
 Metaspace       used 67155K, committed 68800K, reserved 1114112K
  class space    used 9064K, committed 9856K, reserved 1048576K
}
Event: 12.391 GC heap after
{Heap after GC invocations=16 (full 0):
 garbage-first heap   total 143360K, used 47238K [0x0000000080000000, 0x0000000100000000)
  region size 1024K, 6 young (6144K), 6 survivors (6144K)
 Metaspace       used 67155K, committed 68800K, reserved 1114112K
  class space    used 9064K, committed 9856K, reserved 1048576K
}
Event: 12.528 GC heap before
{Heap before GC invocations=16 (full 0):
 garbage-first heap   total 143360K, used 114822K [0x0000000080000000, 0x0000000100000000)
  region size 1024K, 74 young (75776K), 6 survivors (6144K)
 Metaspace       used 67454K, committed 69120K, reserved 1114112K
  class space    used 9105K, committed 9920K, reserved 1048576K
}
Event: 12.530 GC heap after
{Heap after GC invocations=17 (full 0):
 garbage-first heap   total 143360K, used 48768K [0x0000000080000000, 0x0000000100000000)
  region size 1024K, 7 young (7168K), 7 survivors (7168K)
 Metaspace       used 67454K, committed 69120K, reserved 1114112K
  class space    used 9105K, committed 9920K, reserved 1048576K
}
Event: 18.026 GC heap before
{Heap before GC invocations=18 (full 0):
 garbage-first heap   total 143360K, used 139904K [0x0000000080000000, 0x0000000100000000)
  region size 1024K, 83 young (84992K), 7 survivors (7168K)
 Metaspace       used 73939K, committed 75712K, reserved 1114112K
  class space    used 9892K, committed 10752K, reserved 1048576K
}
Event: 18.029 GC heap after
{Heap after GC invocations=19 (full 0):
 garbage-first heap   total 156672K, used 70212K [0x0000000080000000, 0x0000000100000000)
  region size 1024K, 11 young (11264K), 11 survivors (11264K)
 Metaspace       used 73939K, committed 75712K, reserved 1114112K
  class space    used 9892K, committed 10752K, reserved 1048576K
}
Event: 18.461 GC heap before
{Heap before GC invocations=19 (full 0):
 garbage-first heap   total 156672K, used 140868K [0x0000000080000000, 0x0000000100000000)
  region size 1024K, 75 young (76800K), 11 survivors (11264K)
 Metaspace       used 79634K, committed 81408K, reserved 1179648K
  class space    used 10693K, committed 11584K, reserved 1048576K
}
Event: 18.463 GC heap after
{Heap after GC invocations=20 (full 0):
 garbage-first heap   total 160768K, used 78090K [0x0000000080000000, 0x0000000100000000)
  region size 1024K, 7 young (7168K), 7 survivors (7168K)
 Metaspace       used 79634K, committed 81408K, reserved 1179648K
  class space    used 10693K, committed 11584K, reserved 1048576K
}
Event: 18.900 GC heap before
{Heap before GC invocations=20 (full 0):
 garbage-first heap   total 160768K, used 143626K [0x0000000080000000, 0x0000000100000000)
  region size 1024K, 71 young (72704K), 7 survivors (7168K)
 Metaspace       used 85909K, committed 87808K, reserved 1179648K
  class space    used 11492K, committed 12416K, reserved 1048576K
}
Event: 18.903 GC heap after
{Heap after GC invocations=21 (full 0):
 garbage-first heap   total 160768K, used 81217K [0x0000000080000000, 0x0000000100000000)
  region size 1024K, 4 young (4096K), 4 survivors (4096K)
 Metaspace       used 85909K, committed 87808K, reserved 1179648K
  class space    used 11492K, committed 12416K, reserved 1048576K
}
Event: 19.315 GC heap before
{Heap before GC invocations=22 (full 0):
 garbage-first heap   total 160768K, used 148801K [0x0000000080000000, 0x0000000100000000)
  region size 1024K, 67 young (68608K), 4 survivors (4096K)
 Metaspace       used 89725K, committed 91648K, reserved 1179648K
  class space    used 12027K, committed 12992K, reserved 1048576K
}
Event: 19.318 GC heap after
{Heap after GC invocations=23 (full 0):
 garbage-first heap   total 193536K, used 90112K [0x0000000080000000, 0x0000000100000000)
  region size 1024K, 9 young (9216K), 9 survivors (9216K)
 Metaspace       used 89725K, committed 91648K, reserved 1179648K
  class space    used 12027K, committed 12992K, reserved 1048576K
}
Event: 19.842 GC heap before
{Heap before GC invocations=23 (full 0):
 garbage-first heap   total 193536K, used 173056K [0x0000000080000000, 0x0000000100000000)
  region size 1024K, 89 young (91136K), 9 survivors (9216K)
 Metaspace       used 95235K, committed 97152K, reserved 1179648K
  class space    used 12863K, committed 13824K, reserved 1048576K
}
Event: 19.844 GC heap after
{Heap after GC invocations=24 (full 0):
 garbage-first heap   total 193536K, used 92880K [0x0000000080000000, 0x0000000100000000)
  region size 1024K, 10 young (10240K), 10 survivors (10240K)
 Metaspace       used 95235K, committed 97152K, reserved 1179648K
  class space    used 12863K, committed 13824K, reserved 1048576K
}
Event: 20.367 GC heap before
{Heap before GC invocations=24 (full 0):
 garbage-first heap   total 193536K, used 171728K [0x0000000080000000, 0x0000000100000000)
  region size 1024K, 87 young (89088K), 10 survivors (10240K)
 Metaspace       used 101444K, committed 103488K, reserved 1179648K
  class space    used 13830K, committed 14848K, reserved 1048576K
}
Event: 20.370 GC heap after
{Heap after GC invocations=25 (full 0):
 garbage-first heap   total 193536K, used 96620K [0x0000000080000000, 0x0000000100000000)
  region size 1024K, 9 young (9216K), 9 survivors (9216K)
 Metaspace       used 101444K, committed 103488K, reserved 1179648K
  class space    used 13830K, committed 14848K, reserved 1048576K
}

